[13May2025 02:00:45.161] [main/INFO] [FabricLoader/GameProvider/]: Loading Minecraft 1.21 Arclight arclight-1.21-1.0.0-SNAPSHOT-b3349e9 with Fabric Loader 0.15.11
mainEx[13May2025 02:00:45.332] [main/INFO] [FabricLoader/]: Loading 41 mods:
	- arclight 1.0.0-SNAPSHOT+b3349e9
	- fabric-api 0.100.1+1.21
	   |-- fabric-api-base 0.4.42+6573ed8c90
	   |-- fabric-api-lookup-api-v1 1.6.65+b559734490
	   |-- fabric-biome-api-v1 13.0.28+6fc22b9990
	   |-- fabric-block-api-v1 1.0.22+0af3f5a790
	   |-- fabric-block-view-api-v2 1.0.10+6573ed8c90
	   |-- fabric-blockrenderlayer-v1 1.1.52+0af3f5a790
	   |-- fabric-client-tags-api-v1 1.1.15+6573ed8c90
	   |-- fabric-command-api-v1 1.2.48+f71b366f90
	   |-- fabric-command-api-v2 2.2.27+6a6dfa1990
	   |-- fabric-commands-v0 0.2.65+df3654b390
	   |-- fabric-content-registries-v0 8.0.11+b559734490
	   |-- fabric-convention-tags-v1 2.0.12+7f945d5b90
	   |-- fabric-convention-tags-v2 2.2.1+d153f34490
	   |-- fabric-crash-report-info-v1 0.2.29+0af3f5a790
	   |-- fabric-data-attachment-api-v1 1.1.22+6a6dfa1990
	   |-- fabric-data-generation-api-v1 20.2.6+16c4ae2590
	   |-- fabric-dimensions-v1 4.0.0+6fc22b9990
	   |-- fabric-entity-events-v1 1.6.12+6fc22b9990
	   |-- fabric-events-interaction-v0 0.7.10+e633f88390
	   |-- fabric-game-rule-api-v1 1.0.52+6573ed8c90
	   |-- fabric-item-api-v1 11.0.0+afdfc92190
	   |-- fabric-item-group-api-v1 4.1.0+00ab0a6390
	   |-- fabric-key-binding-api-v1 1.0.47+0af3f5a790
	   |-- fabric-keybindings-v0 0.2.45+df3654b390
	   |-- fabric-lifecycle-events-v1 2.3.9+98a7dbbb90
	   |-- fabric-loot-api-v2 3.0.9+6573ed8c90
	   |-- fabric-message-api-v1 6.0.13+6573ed8c90
	   |-- fabric-model-loading-api-v1 2.0.0+fe474d6b90
	   |-- fabric-networking-api-v1 4.1.0+686dcdce90
	   |-- fabric-object-builder-api-v1 15.1.10+d132107690
	   |-- fabric-particles-v1 4.0.2+6573ed8c90
	   |-- fabric-recipe-api-v1 5.0.8+6573ed8c90
	   |-- fabric-registry-sync-v0 5.0.21+b9828ba390
	   |-- fabric-renderer-api-v1 3.2.16+fe474d6b90
	   |-- fabric-renderer-indigo 1.6.3+cc9f121a90
	   |-- fabric-renderer-registries-v1 3.2.66+df3654b390
	   |-- fabric-rendering-data-attachment-v1 0.3.48+73761d2e90
	   |-- fabric-rendering-fluids-v1 3.1.6+b559734490
	   |-- fabric-rendering-v0 1.1.69+df3654b390
	   |-- fabric-rendering-v1 5.0.3+d132107690
	   |-- fabric-resource-conditions-api-v1 4.2.1+d153f34490
	   |-- fabric-resource-loader-v0 1.1.3+b559734490
	   |-- fabric-screen-api-v1 2.0.24+b559734490
	   |-- fabric-screen-handler-api-v1 1.3.78+b559734490
	   |-- fabric-sound-api-v1 1.0.23+6573ed8c90
	   |-- fabric-transfer-api-v1 5.1.12+b559734490
	   \-- fabric-transitive-access-wideners-v1 6.0.12+6573ed8c90
	- fabricloader 0.15.11
	   \-- mixinextras 0.3.5
	- java 21
	- minecraft 1.21
mainEx[13May2025 02:00:45.434] [main/INFO] [FabricLoader/Mixin/]: SpongePowered MIXIN Subsystem Version=0.8.5 Source=file:/workspaces/skibidi-server/servidor_minecraft/libraries/net/fabricmc/sponge-mixin/0.13.3+mixin.0.8.5/sponge-mixin-0.13.3+mixin.0.8.5.jar Service=Knot/Fabric Env=SERVER
mainEx[13May2025 02:00:45.496] [main/INFO] [FabricLoader/Mixin/]: Compatibility level set to JAVA_17
mainEx[13May2025 02:00:45.951] [main/INFO] [Arclight/]: Using locale en_ and fallback locale en_us
mainEx[13May2025 02:00:45.957] [main/INFO] [Arclight/]: 

       ___           ___     __   /\
      /   | ________/ (_)__ / /  / /
     / /| |/ __/ __/ / / _ / _ \/__/
    / ___ / / / /_/ / / / / // / /
   /_/  |/_/  \__/_/_/\_ /_//_/ /
                     /__/     \/

    Version 诸王 (Feudal Kings) / arclight-1.21-1.0.0-SNAPSHOT-b3349e9
    Build Date 2024-06-29 03:46:12

mainEx[13May2025 02:00:47.182] [main/INFO] [FabricLoader/MixinExtras|Service/]: Initializing MixinExtras via com.llamalad7.mixinextras.service.MixinExtrasServiceImpl(version=0.3.5).
mainEx[13May2025 02:00:57.471] [main/INFO] [com.mojang.authlib.yggdrasil.YggdrasilAuthenticationService/]: Environment: Environment[sessionHost=https://sessionserver.mojang.com, servicesHost=https://api.minecraftservices.com, name=PROD]
mainEx[13May2025 02:00:58.546] [main/INFO] [net.minecraft.server.Main/]: No existing world data, creating new world
mainEx[13May2025 02:00:59.368] [main/INFO] [net.minecraft.class_1863/]: Loaded 1290 recipes
mainEx[13May2025 02:00:59.575] [main/INFO] [net.minecraft.class_163/]: Loaded 1399 advancements
mainEx[13May2025 02:01:00.069] [main/INFO] [net.fabricmc.fabric.impl.biome.modification.BiomeModificationImpl/]: Applied 0 biome modifications to 0 of 64 new biomes in 1.264 ms
mainEx[13May2025 02:01:00.076] [Server thread/INFO] [net.minecraft.class_3176/]: Starting minecraft server version 1.21
Server threadEx[13May2025 02:01:00.076] [Server thread/INFO] [net.minecraft.class_3176/]: Loading properties
Server threadEx[13May2025 02:01:00.076] [Server thread/INFO] [net.minecraft.class_3176/]: Default game type: SURVIVAL
Server threadEx[13May2025 02:01:00.076] [Server thread/INFO] [net.minecraft.server.MinecraftServer/]: Generating keypair
Server threadEx[13May2025 02:01:00.239] [Server thread/INFO] [net.minecraft.class_3176/]: Starting Minecraft server on *:25565
Server threadEx[13May2025 02:01:00.332] [Server thread/INFO] [net.minecraft.class_3242/]: Using epoll channel type
Server threadEx[13May2025 02:01:00.434] [Server thread/WARN] [net.minecraft.class_3176/]: **** SERVER IS RUNNING IN OFFLINE/INSECURE MODE!
Server threadEx[13May2025 02:01:00.435] [Server thread/WARN] [net.minecraft.class_3176/]: The server will make no attempt to authenticate usernames. Beware.
Server threadEx[13May2025 02:01:00.435] [Server thread/WARN] [net.minecraft.class_3176/]: While this makes the game possible to play without internet access, it also opens up the ability for hackers to connect with any username they choose.
Server threadEx[13May2025 02:01:00.435] [Server thread/WARN] [net.minecraft.class_3176/]: To change this, set "online-mode" to "true" in the server.properties file.
Server threadEx[13May2025 02:01:00.702] [Server thread/INFO] [Minecraft/]: This server is running Arclight version arclight-1.21-1.0.0-SNAPSHOT-b3349e9 (MC: 1.21) (Implementing API version 1.21-R0.1-SNAPSHOT)
Server threadEx[13May2025 02:01:01.643] [Server thread/INFO] [Arclight/]: Registering for Bukkit ...
Server threadEx[13May2025 02:01:01.706] [Server thread/INFO] [Arclight/]: Registered 0 new materials with 0 blocks and 0 items
Server threadEx[13May2025 02:01:01.891] [Server thread/INFO] [Arclight/]: Registered 0 new entity types
Server threadEx[13May2025 02:01:01.892] [Server thread/INFO] [Arclight/]: Registered 0 new villager professions
Server threadEx[13May2025 02:01:01.892] [Server thread/INFO] [Arclight/]: Registered 0 new biomes
Server threadEx[13May2025 02:01:01.917] [Server thread/INFO] [net.minecraft.class_2983/]: [STDOUT]: Server Ping Player Sample Count: 12
Server threadEx[13May2025 02:01:01.921] [Server thread/INFO] [Minecraft/]: Using 4 threads for Netty based IO
Server threadEx[13May2025 02:01:01.924] [Server thread/INFO] [Minecraft/]: Debug logging is enabled
Server threadEx[13May2025 02:01:02.067] [Server thread/INFO] [net.minecraft.class_3176/]: Preparing level "world"
Server threadEx[13May2025 02:01:02.083] [Server thread/INFO] [Arclight/]: Registered 0 new dimensions
Server threadEx[13May2025 02:01:02.651] [Server thread/INFO] [Minecraft/]: -------- World Settings For [world] --------
Server threadEx[13May2025 02:01:02.655] [Server thread/INFO] [Minecraft/]: Entity Activation Range: An 32 / Mo 32 / Ra 48 / Mi 16 / Tiv true / Isa false
Server threadEx[13May2025 02:01:02.656] [Server thread/INFO] [Minecraft/]: Entity Tracking Range: Pl 48 / An 48 / Mo 48 / Mi 32 / Di 128 / Other 64
Server threadEx[13May2025 02:01:02.658] [Server thread/INFO] [Minecraft/]: Hopper Transfer: 8 Hopper Check: 1 Hopper Amount: 1 Hopper Can Load Chunks: false
Server threadEx[13May2025 02:01:02.666] [Server thread/INFO] [Minecraft/]: Custom Map Seeds:  Village: 10387312 Desert: 14357617 Igloo: 14357618 Jungle: 14357619 Swamp: 14357620 Monument: 10387313 Ocean: 14357621 Shipwreck: 165745295 End City: 10387313 Slime: 987234911 Nether: 30084232 Mansion: 10387319 Fossil: 14357921 Portal: 34222645
Server threadEx[13May2025 02:01:02.666] [Server thread/INFO] [Minecraft/]: Max TNT Explosions: 100
Server threadEx[13May2025 02:01:02.667] [Server thread/INFO] [Minecraft/]: Tile Max Tick Time: 50ms Entity max Tick Time: 50ms
Server threadEx[13May2025 02:01:02.667] [Server thread/INFO] [Minecraft/]: Zombie Aggressive Towards Villager: true
Server threadEx[13May2025 02:01:02.667] [Server thread/INFO] [Minecraft/]: Experience Merge Radius: 3.0
Server threadEx[13May2025 02:01:02.667] [Server thread/INFO] [Minecraft/]: Mob Spawn Range: 6
Server threadEx[13May2025 02:01:02.667] [Server thread/INFO] [Minecraft/]: Arrow Despawn Rate: 1200 Trident Respawn Rate:1200
Server threadEx[13May2025 02:01:02.667] [Server thread/INFO] [Minecraft/]: Allow Zombie Pigmen to spawn from portal blocks: true
Server threadEx[13May2025 02:01:02.676] [Server thread/INFO] [Minecraft/]: Cactus Growth Modifier: 100%
Server threadEx[13May2025 02:01:02.676] [Server thread/INFO] [Minecraft/]: Cane Growth Modifier: 100%
Server threadEx[13May2025 02:01:02.676] [Server thread/INFO] [Minecraft/]: Melon Growth Modifier: 100%
Server threadEx[13May2025 02:01:02.676] [Server thread/INFO] [Minecraft/]: Mushroom Growth Modifier: 100%
Server threadEx[13May2025 02:01:02.676] [Server thread/INFO] [Minecraft/]: Pumpkin Growth Modifier: 100%
Server threadEx[13May2025 02:01:02.676] [Server thread/INFO] [Minecraft/]: Sapling Growth Modifier: 100%
Server threadEx[13May2025 02:01:02.676] [Server thread/INFO] [Minecraft/]: Beetroot Growth Modifier: 100%
Server threadEx[13May2025 02:01:02.676] [Server thread/INFO] [Minecraft/]: Carrot Growth Modifier: 100%
Server threadEx[13May2025 02:01:02.676] [Server thread/INFO] [Minecraft/]: Potato Growth Modifier: 100%
Server threadEx[13May2025 02:01:02.676] [Server thread/INFO] [Minecraft/]: Wheat Growth Modifier: 100%
Server threadEx[13May2025 02:01:02.676] [Server thread/INFO] [Minecraft/]: NetherWart Growth Modifier: 100%
Server threadEx[13May2025 02:01:02.676] [Server thread/INFO] [Minecraft/]: Vine Growth Modifier: 100%
Server threadEx[13May2025 02:01:02.676] [Server thread/INFO] [Minecraft/]: Cocoa Growth Modifier: 100%
Server threadEx[13May2025 02:01:02.676] [Server thread/INFO] [Minecraft/]: Bamboo Growth Modifier: 100%
Server threadEx[13May2025 02:01:02.679] [Server thread/INFO] [Minecraft/]: SweetBerry Growth Modifier: 100%
Server threadEx[13May2025 02:01:02.679] [Server thread/INFO] [Minecraft/]: Kelp Growth Modifier: 100%
Server threadEx[13May2025 02:01:02.679] [Server thread/INFO] [Minecraft/]: TwistingVines Growth Modifier: 100%
Server threadEx[13May2025 02:01:02.679] [Server thread/INFO] [Minecraft/]: WeepingVines Growth Modifier: 100%
Server threadEx[13May2025 02:01:02.679] [Server thread/INFO] [Minecraft/]: CaveVines Growth Modifier: 100%
Server threadEx[13May2025 02:01:02.679] [Server thread/INFO] [Minecraft/]: View Distance: 10
Server threadEx[13May2025 02:01:02.679] [Server thread/INFO] [Minecraft/]: Item Merge Radius: 2.5
Server threadEx[13May2025 02:01:02.679] [Server thread/INFO] [Minecraft/]: Item Despawn Rate: 6000
Server threadEx[13May2025 02:01:02.679] [Server thread/INFO] [Minecraft/]: Nerfing mobs spawned from spawners: false
Server threadEx[13May2025 02:01:02.679] [Server thread/INFO] [Minecraft/]: Simulation Distance: 10
Server threadEx[13May2025 02:01:08.724] [Server thread/INFO] [Minecraft/]: -------- World Settings For [world/DIM-1] --------
Server threadEx[13May2025 02:01:08.724] [Server thread/INFO] [Minecraft/]: Entity Activation Range: An 32 / Mo 32 / Ra 48 / Mi 16 / Tiv true / Isa false
Server threadEx[13May2025 02:01:08.724] [Server thread/INFO] [Minecraft/]: Entity Tracking Range: Pl 48 / An 48 / Mo 48 / Mi 32 / Di 128 / Other 64
Server threadEx[13May2025 02:01:08.724] [Server thread/INFO] [Minecraft/]: Hopper Transfer: 8 Hopper Check: 1 Hopper Amount: 1 Hopper Can Load Chunks: false
Server threadEx[13May2025 02:01:08.724] [Server thread/INFO] [Minecraft/]: Custom Map Seeds:  Village: 10387312 Desert: 14357617 Igloo: 14357618 Jungle: 14357619 Swamp: 14357620 Monument: 10387313 Ocean: 14357621 Shipwreck: 165745295 End City: 10387313 Slime: 987234911 Nether: 30084232 Mansion: 10387319 Fossil: 14357921 Portal: 34222645
Server threadEx[13May2025 02:01:08.724] [Server thread/INFO] [Minecraft/]: Max TNT Explosions: 100
Server threadEx[13May2025 02:01:08.724] [Server thread/INFO] [Minecraft/]: Tile Max Tick Time: 50ms Entity max Tick Time: 50ms
Server threadEx[13May2025 02:01:08.724] [Server thread/INFO] [Minecraft/]: Zombie Aggressive Towards Villager: true
Server threadEx[13May2025 02:01:08.724] [Server thread/INFO] [Minecraft/]: Experience Merge Radius: 3.0
Server threadEx[13May2025 02:01:08.724] [Server thread/INFO] [Minecraft/]: Mob Spawn Range: 6
Server threadEx[13May2025 02:01:08.724] [Server thread/INFO] [Minecraft/]: Arrow Despawn Rate: 1200 Trident Respawn Rate:1200
Server threadEx[13May2025 02:01:08.724] [Server thread/INFO] [Minecraft/]: Allow Zombie Pigmen to spawn from portal blocks: true
Server threadEx[13May2025 02:01:08.725] [Server thread/INFO] [Minecraft/]: Cactus Growth Modifier: 100%
Server threadEx[13May2025 02:01:08.725] [Server thread/INFO] [Minecraft/]: Cane Growth Modifier: 100%
Server threadEx[13May2025 02:01:08.725] [Server thread/INFO] [Minecraft/]: Melon Growth Modifier: 100%
Server threadEx[13May2025 02:01:08.725] [Server thread/INFO] [Minecraft/]: Mushroom Growth Modifier: 100%
Server threadEx[13May2025 02:01:08.725] [Server thread/INFO] [Minecraft/]: Pumpkin Growth Modifier: 100%
Server threadEx[13May2025 02:01:08.725] [Server thread/INFO] [Minecraft/]: Sapling Growth Modifier: 100%
Server threadEx[13May2025 02:01:08.725] [Server thread/INFO] [Minecraft/]: Beetroot Growth Modifier: 100%
Server threadEx[13May2025 02:01:08.725] [Server thread/INFO] [Minecraft/]: Carrot Growth Modifier: 100%
Server threadEx[13May2025 02:01:08.725] [Server thread/INFO] [Minecraft/]: Potato Growth Modifier: 100%
Server threadEx[13May2025 02:01:08.725] [Server thread/INFO] [Minecraft/]: Wheat Growth Modifier: 100%
Server threadEx[13May2025 02:01:08.725] [Server thread/INFO] [Minecraft/]: NetherWart Growth Modifier: 100%
Server threadEx[13May2025 02:01:08.725] [Server thread/INFO] [Minecraft/]: Vine Growth Modifier: 100%
Server threadEx[13May2025 02:01:08.725] [Server thread/INFO] [Minecraft/]: Cocoa Growth Modifier: 100%
Server threadEx[13May2025 02:01:08.725] [Server thread/INFO] [Minecraft/]: Bamboo Growth Modifier: 100%
Server threadEx[13May2025 02:01:08.725] [Server thread/INFO] [Minecraft/]: SweetBerry Growth Modifier: 100%
Server threadEx[13May2025 02:01:08.725] [Server thread/INFO] [Minecraft/]: Kelp Growth Modifier: 100%
Server threadEx[13May2025 02:01:08.725] [Server thread/INFO] [Minecraft/]: TwistingVines Growth Modifier: 100%
Server threadEx[13May2025 02:01:08.725] [Server thread/INFO] [Minecraft/]: WeepingVines Growth Modifier: 100%
Server threadEx[13May2025 02:01:08.725] [Server thread/INFO] [Minecraft/]: CaveVines Growth Modifier: 100%
Server threadEx[13May2025 02:01:08.725] [Server thread/INFO] [Minecraft/]: View Distance: 10
Server threadEx[13May2025 02:01:08.725] [Server thread/INFO] [Minecraft/]: Item Merge Radius: 2.5
Server threadEx[13May2025 02:01:08.725] [Server thread/INFO] [Minecraft/]: Item Despawn Rate: 6000
Server threadEx[13May2025 02:01:08.725] [Server thread/INFO] [Minecraft/]: Nerfing mobs spawned from spawners: false
Server threadEx[13May2025 02:01:08.725] [Server thread/INFO] [Minecraft/]: Simulation Distance: 10
Server threadEx[13May2025 02:01:08.762] [Server thread/INFO] [Minecraft/]: -------- World Settings For [world/DIM1] --------
Server threadEx[13May2025 02:01:08.763] [Server thread/INFO] [Minecraft/]: Entity Activation Range: An 32 / Mo 32 / Ra 48 / Mi 16 / Tiv true / Isa false
Server threadEx[13May2025 02:01:08.763] [Server thread/INFO] [Minecraft/]: Entity Tracking Range: Pl 48 / An 48 / Mo 48 / Mi 32 / Di 128 / Other 64
Server threadEx[13May2025 02:01:08.763] [Server thread/INFO] [Minecraft/]: Hopper Transfer: 8 Hopper Check: 1 Hopper Amount: 1 Hopper Can Load Chunks: false
Server threadEx[13May2025 02:01:08.763] [Server thread/INFO] [Minecraft/]: Custom Map Seeds:  Village: 10387312 Desert: 14357617 Igloo: 14357618 Jungle: 14357619 Swamp: 14357620 Monument: 10387313 Ocean: 14357621 Shipwreck: 165745295 End City: 10387313 Slime: 987234911 Nether: 30084232 Mansion: 10387319 Fossil: 14357921 Portal: 34222645
Server threadEx[13May2025 02:01:08.763] [Server thread/INFO] [Minecraft/]: Max TNT Explosions: 100
Server threadEx[13May2025 02:01:08.763] [Server thread/INFO] [Minecraft/]: Tile Max Tick Time: 50ms Entity max Tick Time: 50ms
Server threadEx[13May2025 02:01:08.763] [Server thread/INFO] [Minecraft/]: Zombie Aggressive Towards Villager: true
Server threadEx[13May2025 02:01:08.763] [Server thread/INFO] [Minecraft/]: Experience Merge Radius: 3.0
Server threadEx[13May2025 02:01:08.763] [Server thread/INFO] [Minecraft/]: Mob Spawn Range: 6
Server threadEx[13May2025 02:01:08.763] [Server thread/INFO] [Minecraft/]: Arrow Despawn Rate: 1200 Trident Respawn Rate:1200
Server threadEx[13May2025 02:01:08.763] [Server thread/INFO] [Minecraft/]: Allow Zombie Pigmen to spawn from portal blocks: true
Server threadEx[13May2025 02:01:08.763] [Server thread/INFO] [Minecraft/]: Cactus Growth Modifier: 100%
Server threadEx[13May2025 02:01:08.763] [Server thread/INFO] [Minecraft/]: Cane Growth Modifier: 100%
Server threadEx[13May2025 02:01:08.763] [Server thread/INFO] [Minecraft/]: Melon Growth Modifier: 100%
Server threadEx[13May2025 02:01:08.763] [Server thread/INFO] [Minecraft/]: Mushroom Growth Modifier: 100%
Server threadEx[13May2025 02:01:08.763] [Server thread/INFO] [Minecraft/]: Pumpkin Growth Modifier: 100%
Server threadEx[13May2025 02:01:08.763] [Server thread/INFO] [Minecraft/]: Sapling Growth Modifier: 100%
Server threadEx[13May2025 02:01:08.763] [Server thread/INFO] [Minecraft/]: Beetroot Growth Modifier: 100%
Server threadEx[13May2025 02:01:08.763] [Server thread/INFO] [Minecraft/]: Carrot Growth Modifier: 100%
Server threadEx[13May2025 02:01:08.763] [Server thread/INFO] [Minecraft/]: Potato Growth Modifier: 100%
Server threadEx[13May2025 02:01:08.763] [Server thread/INFO] [Minecraft/]: Wheat Growth Modifier: 100%
Server threadEx[13May2025 02:01:08.763] [Server thread/INFO] [Minecraft/]: NetherWart Growth Modifier: 100%
Server threadEx[13May2025 02:01:08.763] [Server thread/INFO] [Minecraft/]: Vine Growth Modifier: 100%
Server threadEx[13May2025 02:01:08.763] [Server thread/INFO] [Minecraft/]: Cocoa Growth Modifier: 100%
Server threadEx[13May2025 02:01:08.763] [Server thread/INFO] [Minecraft/]: Bamboo Growth Modifier: 100%
Server threadEx[13May2025 02:01:08.763] [Server thread/INFO] [Minecraft/]: SweetBerry Growth Modifier: 100%
Server threadEx[13May2025 02:01:08.763] [Server thread/INFO] [Minecraft/]: Kelp Growth Modifier: 100%
Server threadEx[13May2025 02:01:08.763] [Server thread/INFO] [Minecraft/]: TwistingVines Growth Modifier: 100%
Server threadEx[13May2025 02:01:08.763] [Server thread/INFO] [Minecraft/]: WeepingVines Growth Modifier: 100%
Server threadEx[13May2025 02:01:08.763] [Server thread/INFO] [Minecraft/]: CaveVines Growth Modifier: 100%
Server threadEx[13May2025 02:01:08.763] [Server thread/INFO] [Minecraft/]: View Distance: 10
Server threadEx[13May2025 02:01:08.763] [Server thread/INFO] [Minecraft/]: Item Merge Radius: 2.5
Server threadEx[13May2025 02:01:08.764] [Server thread/INFO] [Minecraft/]: Item Despawn Rate: 6000
Server threadEx[13May2025 02:01:08.764] [Server thread/INFO] [Minecraft/]: Nerfing mobs spawned from spawners: false
Server threadEx[13May2025 02:01:08.764] [Server thread/INFO] [Minecraft/]: Simulation Distance: 10
Server threadEx[13May2025 02:01:08.789] [Server thread/INFO] [Minecraft/]: Server permissions file permissions.yml is empty, ignoring it
Server threadEx[13May2025 02:01:08.793] [Server thread/INFO] [net.minecraft.server.MinecraftServer/]: Preparing start region for dimension minecraft:overworld
Server threadEx[13May2025 02:01:08.858] [Worker-Main-3/INFO] [net.minecraft.class_3951/]: Preparing spawn area: 2%
Worker-Main-3Ex[13May2025 02:01:09.365] [Worker-Main-3/INFO] [net.minecraft.class_3951/]: Preparing spawn area: 2%
Worker-Main-3Ex[13May2025 02:01:09.895] [Worker-Main-3/INFO] [net.minecraft.class_3951/]: Preparing spawn area: 2%
Worker-Main-3Ex[13May2025 02:01:10.337] [Worker-Main-2/INFO] [net.minecraft.class_3951/]: Preparing spawn area: 2%
Worker-Main-2Ex[13May2025 02:01:10.798] [Worker-Main-3/INFO] [net.minecraft.class_3951/]: Preparing spawn area: 2%
Worker-Main-3Ex[13May2025 02:01:11.297] [Worker-Main-2/INFO] [net.minecraft.class_3951/]: Preparing spawn area: 18%
Worker-Main-2Ex[13May2025 02:01:11.813] [Worker-Main-2/INFO] [net.minecraft.class_3951/]: Preparing spawn area: 18%
Worker-Main-2Ex[13May2025 02:01:12.299] [Worker-Main-3/INFO] [net.minecraft.class_3951/]: Preparing spawn area: 18%
Worker-Main-3Ex[13May2025 02:01:12.873] [Worker-Main-3/INFO] [net.minecraft.class_3951/]: Preparing spawn area: 18%
Worker-Main-3Ex[13May2025 02:01:13.315] [Worker-Main-3/INFO] [net.minecraft.class_3951/]: Preparing spawn area: 51%
Worker-Main-3Ex[13May2025 02:01:13.794] [Worker-Main-2/INFO] [net.minecraft.class_3951/]: Preparing spawn area: 51%
Worker-Main-2Ex[13May2025 02:01:14.316] [Worker-Main-3/INFO] [net.minecraft.class_3951/]: Preparing spawn area: 51%
Worker-Main-3Ex[13May2025 02:01:14.802] [Worker-Main-3/INFO] [net.minecraft.class_3951/]: Preparing spawn area: 51%
Worker-Main-3Ex[13May2025 02:01:15.170] [Server thread/INFO] [net.minecraft.class_3951/]: Time elapsed: 6377 ms
Server threadEx[13May2025 02:01:15.170] [Server thread/INFO] [net.minecraft.class_3176/]: Done (13.105s)! For help, type "help"
Server threadEx[13May2025 02:01:49.065] [User Authenticator #1/INFO] [net.minecraft.class_3248/]: UUID of player Ashika_ is 70d43d10-3edf-3441-80f2-b2cc48623fe5
User Authenticator #1Ex[13May2025 02:01:50.484] [Server thread/INFO] [net.minecraft.class_3324/]: Ashika_[/127.234.18.105:52751] logged in with entity id 21 at (4.5, 68.0, -9.5)
Server threadEx[13May2025 02:01:50.627] [Server thread/INFO] [net.minecraft.server.MinecraftServer/]: Ashika_ joined the game
Server threadEx[13May2025 02:02:06.341] [Server thread/INFO] [net.minecraft.class_3244/]: Ashika_ lost connection: Disconnected
Server threadEx[13May2025 02:02:06.443] [Server thread/INFO] [net.minecraft.server.MinecraftServer/]: Ashika_ left the game
Server threadEx[13May2025 02:02:20.057] [Server console handler/INFO] [net.minecraft.server.MinecraftServer/]: Stopping server
Server console handlerEx[13May2025 02:02:20.057] [Server console handler/INFO] [net.minecraft.server.MinecraftServer/]: Saving players
Server console handlerEx[13May2025 02:02:20.057] [Server console handler/INFO] [net.minecraft.server.MinecraftServer/]: Saving worlds
Server console handlerEx[13May2025 02:02:20.058] [Server console handler/ERROR] [net.minecraft.class_3176/]: Caught previously unhandled exception :
Server console handlerEx java.lang.ArrayIndexOutOfBoundsException: Index -1 out of bounds for length 65
	at it.unimi.dsi.fastutil.longs.Long2ByteOpenHashMap.rehash(Long2ByteOpenHashMap.java:1376) ~[fastutil-8.5.12.jar:?]
	at it.unimi.dsi.fastutil.longs.Long2ByteOpenHashMap.removeEntry(Long2ByteOpenHashMap.java:218) ~[fastutil-8.5.12.jar:?]
	at it.unimi.dsi.fastutil.longs.Long2ByteOpenHashMap.remove(Long2ByteOpenHashMap.java:353) ~[fastutil-8.5.12.jar:?]
	at net.minecraft.class_6609.method_15485(class_6609.java:102) ~[server-intermediary.jar:?]
	at net.minecraft.class_3554.method_15492(class_3554.java:165) ~[server-intermediary.jar:?]
	at net.minecraft.class_6609.method_38635(class_6609.java:109) ~[server-intermediary.jar:?]
	at net.minecraft.class_3204.method_15892(DistanceManagerMixin.java:117) ~[server-intermediary.jar:?]
	at net.minecraft.class_3215.method_16155(ServerChunkCacheMixin.java:267) ~[server-intermediary.jar:?]
	at net.minecraft.class_3215.method_12127(ServerChunkCacheMixin.java:307) ~[server-intermediary.jar:?]
	at net.minecraft.server.MinecraftServer.method_3782(MinecraftServerMixin.java:615) ~[server-intermediary.jar:?]
	at net.minecraft.class_3176.method_3782(DedicatedServerMixin_Vanilla.java:561) ~[server-intermediary.jar:?]
	at net.minecraft.server.MinecraftServer.close(MinecraftServerMixin.java:588) ~[server-intermediary.jar:?]
	at io.izzel.arclight.common.mod.util.ArclightTerminalReader.handleCommands(ArclightTerminalReader.java:61) ~[arclight-1.21-1.0.0-SNAPSHOT-b3349e9.jar:?]
	at net.minecraft.class_3176$1.handler$blb000$arclight$terminalConsole(DedicatedServer_ServerInputThreadMixin_Vanilla.java:518) ~[server-intermediary.jar:?]
	at net.minecraft.class_3176$1.run(DedicatedServer_ServerInputThreadMixin_Vanilla.java) ~[server-intermediary.jar:?]
